<?xml version="1.0" encoding="UTF-8"?>
<!-- Generated by org.testng.reporters.JUnitXMLReporter -->
<testsuite hostname="CheilVN-VanQC" ignored="0" name="AutomationTest" tests="88" failures="40" timestamp="2024-04-26T20:15:56 ICT" time="426.618" errors="0">
  <testcase name="signIn" time="5.279" classname="projectss.testcases.MetaTest"/>
  <testcase name="verifyExistOfMetaContent" time="5.738" classname="projectss.testcases.MetaTest">
    <failure type="java.lang.AssertionError" message="Fail URL: https://p6-qa.samsung.com/my/business/smart-signage/others/bec-h-biztv-uhd-4k-biztv-lh43bechlgkxxm expected [true] but found [false]">
      <![CDATA[java.lang.AssertionError: Fail URL: https://p6-qa.samsung.com/my/business/smart-signage/others/bec-h-biztv-uhd-4k-biztv-lh43bechlgkxxm expected [true] but found [false]
at projectss.testcases.MetaTest.verifyExistOfMetaContent(MetaTest.java:122)
at java.util.ArrayList.forEach(ArrayList.java:1259)
at com.intellij.rt.testng.IDEARemoteTestNG.run(IDEARemoteTestNG.java:66)
at com.intellij.rt.testng.RemoteTestNGStarter.main(RemoteTestNGStarter.java:105)
... Removed 27 stack frames]]>
    </failure>
  </testcase> <!-- verifyExistOfMetaContent -->
  <testcase name="verifyExistOfMetaContent" time="10.163" classname="projectss.testcases.MetaTest">
    <failure type="java.lang.AssertionError" message="Fail URL: https://p6-qa.samsung.com/my/business/smart-signage/others/bec-h-biztv-uhd-4k-biztv-lh50bechlgkxxm expected [true] but found [false]">
      <![CDATA[java.lang.AssertionError: Fail URL: https://p6-qa.samsung.com/my/business/smart-signage/others/bec-h-biztv-uhd-4k-biztv-lh50bechlgkxxm expected [true] but found [false]
at projectss.testcases.MetaTest.verifyExistOfMetaContent(MetaTest.java:122)
at java.util.ArrayList.forEach(ArrayList.java:1259)
at com.intellij.rt.testng.IDEARemoteTestNG.run(IDEARemoteTestNG.java:66)
at com.intellij.rt.testng.RemoteTestNGStarter.main(RemoteTestNGStarter.java:105)
... Removed 27 stack frames]]>
    </failure>
  </testcase> <!-- verifyExistOfMetaContent -->
  <testcase name="verifyExistOfMetaContent" time="6.049" classname="projectss.testcases.MetaTest">
    <failure type="java.lang.AssertionError" message="Fail URL: https://p6-qa.samsung.com/my/business/smart-signage/others/bec-h-biztv-uhd-4k-biztv-lh55bechlgkxxm expected [true] but found [false]">
      <![CDATA[java.lang.AssertionError: Fail URL: https://p6-qa.samsung.com/my/business/smart-signage/others/bec-h-biztv-uhd-4k-biztv-lh55bechlgkxxm expected [true] but found [false]
at projectss.testcases.MetaTest.verifyExistOfMetaContent(MetaTest.java:122)
at java.util.ArrayList.forEach(ArrayList.java:1259)
at com.intellij.rt.testng.IDEARemoteTestNG.run(IDEARemoteTestNG.java:66)
at com.intellij.rt.testng.RemoteTestNGStarter.main(RemoteTestNGStarter.java:105)
... Removed 27 stack frames]]>
    </failure>
  </testcase> <!-- verifyExistOfMetaContent -->
  <testcase name="verifyExistOfMetaContent" time="4.605" classname="projectss.testcases.MetaTest">
    <failure type="java.lang.AssertionError" message="Fail URL: https://p6-qa.samsung.com/my/business/smart-signage/others/bec-h-biztv-uhd-4k-biztv-lh65bechlgkxxm expected [true] but found [false]">
      <![CDATA[java.lang.AssertionError: Fail URL: https://p6-qa.samsung.com/my/business/smart-signage/others/bec-h-biztv-uhd-4k-biztv-lh65bechlgkxxm expected [true] but found [false]
at projectss.testcases.MetaTest.verifyExistOfMetaContent(MetaTest.java:122)
at java.util.ArrayList.forEach(ArrayList.java:1259)
at com.intellij.rt.testng.IDEARemoteTestNG.run(IDEARemoteTestNG.java:66)
at com.intellij.rt.testng.RemoteTestNGStarter.main(RemoteTestNGStarter.java:105)
... Removed 27 stack frames]]>
    </failure>
  </testcase> <!-- verifyExistOfMetaContent -->
  <testcase name="verifyExistOfMetaContent" time="3.227" classname="projectss.testcases.MetaTest">
    <failure type="java.lang.AssertionError" message="Fail URL: https://p6-qa.samsung.com/my/business/smart-signage/others/bec-h-biztv-uhd-4k-biztv-lh75bechlgkxxm expected [true] but found [false]">
      <![CDATA[java.lang.AssertionError: Fail URL: https://p6-qa.samsung.com/my/business/smart-signage/others/bec-h-biztv-uhd-4k-biztv-lh75bechlgkxxm expected [true] but found [false]
at projectss.testcases.MetaTest.verifyExistOfMetaContent(MetaTest.java:122)
at java.util.ArrayList.forEach(ArrayList.java:1259)
at com.intellij.rt.testng.IDEARemoteTestNG.run(IDEARemoteTestNG.java:66)
at com.intellij.rt.testng.RemoteTestNGStarter.main(RemoteTestNGStarter.java:105)
... Removed 27 stack frames]]>
    </failure>
  </testcase> <!-- verifyExistOfMetaContent -->
  <testcase name="verifyExistOfMetaContent" time="3.402" classname="projectss.testcases.MetaTest">
    <failure type="java.lang.AssertionError" message="Fail URL: https://p6-qa.samsung.com/my/business/smart-signage/others/bec-h-biztv-uhd-4k-biztv-lh85bechlgkxxm expected [true] but found [false]">
      <![CDATA[java.lang.AssertionError: Fail URL: https://p6-qa.samsung.com/my/business/smart-signage/others/bec-h-biztv-uhd-4k-biztv-lh85bechlgkxxm expected [true] but found [false]
at projectss.testcases.MetaTest.verifyExistOfMetaContent(MetaTest.java:122)
at java.util.ArrayList.forEach(ArrayList.java:1259)
at com.intellij.rt.testng.IDEARemoteTestNG.run(IDEARemoteTestNG.java:66)
at com.intellij.rt.testng.RemoteTestNGStarter.main(RemoteTestNGStarter.java:105)
... Removed 27 stack frames]]>
    </failure>
  </testcase> <!-- verifyExistOfMetaContent -->
  <testcase name="verifyExistOfMetaContent" time="4.65" classname="projectss.testcases.MetaTest">
    <failure type="java.lang.AssertionError" message="Fail URL: https://p6-qa.samsung.com/my/business/smart-signage/interactive-display/flip-pro-wm85b-interactive-display-lh85wmbwlgcxxs expected [true] but found [false]">
      <![CDATA[java.lang.AssertionError: Fail URL: https://p6-qa.samsung.com/my/business/smart-signage/interactive-display/flip-pro-wm85b-interactive-display-lh85wmbwlgcxxs expected [true] but found [false]
at projectss.testcases.MetaTest.verifyExistOfMetaContent(MetaTest.java:122)
at java.util.ArrayList.forEach(ArrayList.java:1259)
at com.intellij.rt.testng.IDEARemoteTestNG.run(IDEARemoteTestNG.java:66)
at com.intellij.rt.testng.RemoteTestNGStarter.main(RemoteTestNGStarter.java:105)
... Removed 27 stack frames]]>
    </failure>
  </testcase> <!-- verifyExistOfMetaContent -->
  <testcase name="verifyExistOfMetaContent" time="3.796" classname="projectss.testcases.MetaTest"/>
  <testcase name="verifyExistOfMetaContent" time="3.514" classname="projectss.testcases.MetaTest"/>
  <testcase name="verifyExistOfMetaContent" time="3.812" classname="projectss.testcases.MetaTest">
    <failure type="java.lang.AssertionError" message="Fail URL: https://p6-qa.samsung.com/my/business/smart-signage/uhd-4k-signage/crystal-uhd-signage-qmc-lh43qmcepgcxxs expected [true] but found [false]">
      <![CDATA[java.lang.AssertionError: Fail URL: https://p6-qa.samsung.com/my/business/smart-signage/uhd-4k-signage/crystal-uhd-signage-qmc-lh43qmcepgcxxs expected [true] but found [false]
at projectss.testcases.MetaTest.verifyExistOfMetaContent(MetaTest.java:122)
at java.util.ArrayList.forEach(ArrayList.java:1259)
at com.intellij.rt.testng.IDEARemoteTestNG.run(IDEARemoteTestNG.java:66)
at com.intellij.rt.testng.RemoteTestNGStarter.main(RemoteTestNGStarter.java:105)
... Removed 27 stack frames]]>
    </failure>
  </testcase> <!-- verifyExistOfMetaContent -->
  <testcase name="verifyExistOfMetaContent" time="6.116" classname="projectss.testcases.MetaTest">
    <failure type="java.lang.AssertionError" message="Fail URL: https://p6-qa.samsung.com/my/business/smart-signage/uhd-4k-signage/crystal-uhd-signage-qmc-85-inch-lh85qmcebgcxxs expected [true] but found [false]">
      <![CDATA[java.lang.AssertionError: Fail URL: https://p6-qa.samsung.com/my/business/smart-signage/uhd-4k-signage/crystal-uhd-signage-qmc-85-inch-lh85qmcebgcxxs expected [true] but found [false]
at projectss.testcases.MetaTest.verifyExistOfMetaContent(MetaTest.java:122)
at java.util.ArrayList.forEach(ArrayList.java:1259)
at com.intellij.rt.testng.IDEARemoteTestNG.run(IDEARemoteTestNG.java:66)
at com.intellij.rt.testng.RemoteTestNGStarter.main(RemoteTestNGStarter.java:105)
... Removed 27 stack frames]]>
    </failure>
  </testcase> <!-- verifyExistOfMetaContent -->
  <testcase name="verifyExistOfMetaContent" time="3.857" classname="projectss.testcases.MetaTest">
    <failure type="java.lang.AssertionError" message="Fail URL: https://p6-qa.samsung.com/my/business/smart-signage/others/smart-signage-qm32c-lh32qmcepgcxxs expected [true] but found [false]">
      <![CDATA[java.lang.AssertionError: Fail URL: https://p6-qa.samsung.com/my/business/smart-signage/others/smart-signage-qm32c-lh32qmcepgcxxs expected [true] but found [false]
at projectss.testcases.MetaTest.verifyExistOfMetaContent(MetaTest.java:122)
at java.util.ArrayList.forEach(ArrayList.java:1259)
at com.intellij.rt.testng.IDEARemoteTestNG.run(IDEARemoteTestNG.java:66)
at com.intellij.rt.testng.RemoteTestNGStarter.main(RemoteTestNGStarter.java:105)
... Removed 27 stack frames]]>
    </failure>
  </testcase> <!-- verifyExistOfMetaContent -->
  <testcase name="verifyExistOfMetaContent" time="3.87" classname="projectss.testcases.MetaTest"/>
  <testcase name="verifyExistOfMetaContent" time="3.613" classname="projectss.testcases.MetaTest">
    <failure type="java.lang.AssertionError" message="Fail URL: https://p6-qa.samsung.com/my/business/smart-signage/interactive-display/samsung-kiosk-with-windows-os-lh24kmc5bgcxxs expected [true] but found [false]">
      <![CDATA[java.lang.AssertionError: Fail URL: https://p6-qa.samsung.com/my/business/smart-signage/interactive-display/samsung-kiosk-with-windows-os-lh24kmc5bgcxxs expected [true] but found [false]
at projectss.testcases.MetaTest.verifyExistOfMetaContent(MetaTest.java:122)
at java.util.ArrayList.forEach(ArrayList.java:1259)
at com.intellij.rt.testng.IDEARemoteTestNG.run(IDEARemoteTestNG.java:66)
at com.intellij.rt.testng.RemoteTestNGStarter.main(RemoteTestNGStarter.java:105)
... Removed 27 stack frames]]>
    </failure>
  </testcase> <!-- verifyExistOfMetaContent -->
  <testcase name="verifyExistOfMetaContent" time="3.37" classname="projectss.testcases.MetaTest">
    <failure type="java.lang.AssertionError" message="Fail URL: https://p6-qa.samsung.com/my/business/smart-signage/interactive-display/samsung-kiosk-with-windows-os-lh24kmc3bgcxxs expected [true] but found [false]">
      <![CDATA[java.lang.AssertionError: Fail URL: https://p6-qa.samsung.com/my/business/smart-signage/interactive-display/samsung-kiosk-with-windows-os-lh24kmc3bgcxxs expected [true] but found [false]
at projectss.testcases.MetaTest.verifyExistOfMetaContent(MetaTest.java:122)
at java.util.ArrayList.forEach(ArrayList.java:1259)
at com.intellij.rt.testng.IDEARemoteTestNG.run(IDEARemoteTestNG.java:66)
at com.intellij.rt.testng.RemoteTestNGStarter.main(RemoteTestNGStarter.java:105)
... Removed 27 stack frames]]>
    </failure>
  </testcase> <!-- verifyExistOfMetaContent -->
  <testcase name="verifyExistOfMetaContent" time="3.455" classname="projectss.testcases.MetaTest">
    <failure type="java.lang.AssertionError" message="Fail URL: https://p6-qa.samsung.com/my/business/smart-signage/interactive-display/km24a-lh24kmatbgcxxs expected [true] but found [false]">
      <![CDATA[java.lang.AssertionError: Fail URL: https://p6-qa.samsung.com/my/business/smart-signage/interactive-display/km24a-lh24kmatbgcxxs expected [true] but found [false]
at projectss.testcases.MetaTest.verifyExistOfMetaContent(MetaTest.java:122)
at java.util.ArrayList.forEach(ArrayList.java:1259)
at com.intellij.rt.testng.IDEARemoteTestNG.run(IDEARemoteTestNG.java:66)
at com.intellij.rt.testng.RemoteTestNGStarter.main(RemoteTestNGStarter.java:105)
... Removed 27 stack frames]]>
    </failure>
  </testcase> <!-- verifyExistOfMetaContent -->
  <testcase name="verifyExistOfMetaContent" time="3.951" classname="projectss.testcases.MetaTest"/>
  <testcase name="verifyExistOfMetaContent" time="4.785" classname="projectss.testcases.MetaTest"/>
  <testcase name="verifyExistOfMetaContent" time="3.961" classname="projectss.testcases.MetaTest">
    <failure type="java.lang.AssertionError" message="Fail URL: https://p6-qa.samsung.com/my/business/smart-signage/interactive-display/qb24c-t-small-digital-signage-lh24qbctbgcxxs expected [true] but found [false]">
      <![CDATA[java.lang.AssertionError: Fail URL: https://p6-qa.samsung.com/my/business/smart-signage/interactive-display/qb24c-t-small-digital-signage-lh24qbctbgcxxs expected [true] but found [false]
at projectss.testcases.MetaTest.verifyExistOfMetaContent(MetaTest.java:122)
at java.util.ArrayList.forEach(ArrayList.java:1259)
at com.intellij.rt.testng.IDEARemoteTestNG.run(IDEARemoteTestNG.java:66)
at com.intellij.rt.testng.RemoteTestNGStarter.main(RemoteTestNGStarter.java:105)
... Removed 26 stack frames]]>
    </failure>
  </testcase> <!-- verifyExistOfMetaContent -->
  <testcase name="verifyExistOfMetaContent" time="3.814" classname="projectss.testcases.MetaTest"/>
  <testcase name="verifyExistOfMetaContent" time="3.513" classname="projectss.testcases.MetaTest">
    <failure type="java.lang.AssertionError" message="Fail URL: https://p6-qa.samsung.com/my/business/smart-signage/others/qb24c-small-digital-signage-lh24qbcebgcxxs expected [true] but found [false]">
      <![CDATA[java.lang.AssertionError: Fail URL: https://p6-qa.samsung.com/my/business/smart-signage/others/qb24c-small-digital-signage-lh24qbcebgcxxs expected [true] but found [false]
at projectss.testcases.MetaTest.verifyExistOfMetaContent(MetaTest.java:122)
at java.util.ArrayList.forEach(ArrayList.java:1259)
at com.intellij.rt.testng.IDEARemoteTestNG.run(IDEARemoteTestNG.java:66)
at com.intellij.rt.testng.RemoteTestNGStarter.main(RemoteTestNGStarter.java:105)
... Removed 26 stack frames]]>
    </failure>
  </testcase> <!-- verifyExistOfMetaContent -->
  <testcase name="verifyExistOfMetaContent" time="6.912" classname="projectss.testcases.MetaTest">
    <failure type="java.lang.AssertionError" message="Fail URL: https://p6-qa.samsung.com/my/business/led-signage/indoor-led/all-in-one-led-iac-series-lh015iacchs-xs expected [true] but found [false]">
      <![CDATA[java.lang.AssertionError: Fail URL: https://p6-qa.samsung.com/my/business/led-signage/indoor-led/all-in-one-led-iac-series-lh015iacchs-xs expected [true] but found [false]
at projectss.testcases.MetaTest.verifyExistOfMetaContent(MetaTest.java:122)
at java.util.ArrayList.forEach(ArrayList.java:1259)
at com.intellij.rt.testng.IDEARemoteTestNG.run(IDEARemoteTestNG.java:66)
at com.intellij.rt.testng.RemoteTestNGStarter.main(RemoteTestNGStarter.java:105)
... Removed 26 stack frames]]>
    </failure>
  </testcase> <!-- verifyExistOfMetaContent -->
  <testcase name="verifyExistOfMetaContent" time="3.367" classname="projectss.testcases.MetaTest"/>
  <testcase name="verifyExistOfMetaContent" time="3.185" classname="projectss.testcases.MetaTest"/>
  <testcase name="verifyExistOfMetaContent" time="3.565" classname="projectss.testcases.MetaTest"/>
  <testcase name="verifyExistOfMetaContent" time="3.285" classname="projectss.testcases.MetaTest"/>
  <testcase name="verifyExistOfMetaContent" time="3.749" classname="projectss.testcases.MetaTest"/>
  <testcase name="verifyExistOfMetaContent" time="3.955" classname="projectss.testcases.MetaTest"/>
  <testcase name="verifyExistOfMetaContent" time="4.535" classname="projectss.testcases.MetaTest"/>
  <testcase name="verifyExistOfMetaContent" time="3.368" classname="projectss.testcases.MetaTest"/>
  <testcase name="verifyExistOfMetaContent" time="7.07" classname="projectss.testcases.MetaTest"/>
  <testcase name="verifyExistOfMetaContent" time="3.647" classname="projectss.testcases.MetaTest"/>
  <testcase name="verifyExistOfMetaContent" time="3.975" classname="projectss.testcases.MetaTest"/>
  <testcase name="verifyExistOfMetaContent" time="3.401" classname="projectss.testcases.MetaTest"/>
  <testcase name="verifyExistOfMetaContent" time="3.524" classname="projectss.testcases.MetaTest"/>
  <testcase name="verifyExistOfMetaContent" time="6.14" classname="projectss.testcases.MetaTest"/>
  <testcase name="verifyExistOfMetaContent" time="6.423" classname="projectss.testcases.MetaTest"/>
  <testcase name="verifyExistOfMetaContent" time="3.496" classname="projectss.testcases.MetaTest"/>
  <testcase name="verifyExistOfMetaContent" time="5.607" classname="projectss.testcases.MetaTest"/>
  <testcase name="verifyExistOfMetaContent" time="5.884" classname="projectss.testcases.MetaTest"/>
  <testcase name="verifyExistOfMetaContent" time="3.701" classname="projectss.testcases.MetaTest"/>
  <testcase name="verifyExistOfMetaContent" time="4.797" classname="projectss.testcases.MetaTest"/>
  <testcase name="verifyExistOfMetaContent" time="3.568" classname="projectss.testcases.MetaTest"/>
  <testcase name="verifyExistOfMetaContent" time="3.322" classname="projectss.testcases.MetaTest"/>
  <testcase name="verifyExistOfMetaContent" time="4.753" classname="projectss.testcases.MetaTest"/>
  <testcase name="verifyExistOfMetaContent" time="11.294" classname="projectss.testcases.MetaTest">
    <failure type="java.lang.AssertionError" message="Fail URL: https://p6-qa.samsung.com/my/business/led-signage/outdoor-led/xa067t-lh067xatsac-xm expected [true] but found [false]">
      <![CDATA[java.lang.AssertionError: Fail URL: https://p6-qa.samsung.com/my/business/led-signage/outdoor-led/xa067t-lh067xatsac-xm expected [true] but found [false]
at projectss.testcases.MetaTest.verifyExistOfMetaContent(MetaTest.java:122)
at java.util.ArrayList.forEach(ArrayList.java:1259)
at com.intellij.rt.testng.IDEARemoteTestNG.run(IDEARemoteTestNG.java:66)
at com.intellij.rt.testng.RemoteTestNGStarter.main(RemoteTestNGStarter.java:105)
... Removed 26 stack frames]]>
    </failure>
  </testcase> <!-- verifyExistOfMetaContent -->
  <testcase name="verifyExistOfMetaContent" time="5.908" classname="projectss.testcases.MetaTest">
    <failure type="java.lang.AssertionError" message="Fail URL: https://p6-qa.samsung.com/my/business/led-signage/outdoor-led/xa160t-lh160xatsac-xm expected [true] but found [false]">
      <![CDATA[java.lang.AssertionError: Fail URL: https://p6-qa.samsung.com/my/business/led-signage/outdoor-led/xa160t-lh160xatsac-xm expected [true] but found [false]
at projectss.testcases.MetaTest.verifyExistOfMetaContent(MetaTest.java:122)
at java.util.ArrayList.forEach(ArrayList.java:1259)
at com.intellij.rt.testng.IDEARemoteTestNG.run(IDEARemoteTestNG.java:66)
at com.intellij.rt.testng.RemoteTestNGStarter.main(RemoteTestNGStarter.java:105)
... Removed 26 stack frames]]>
    </failure>
  </testcase> <!-- verifyExistOfMetaContent -->
  <testcase name="verifyExistOfMetaContent" time="3.162" classname="projectss.testcases.MetaTest">
    <failure type="java.lang.AssertionError" message="Fail URL: https://p6-qa.samsung.com/my/business/led-signage/outdoor-led/xa100t-lh100xatsac-xm expected [true] but found [false]">
      <![CDATA[java.lang.AssertionError: Fail URL: https://p6-qa.samsung.com/my/business/led-signage/outdoor-led/xa100t-lh100xatsac-xm expected [true] but found [false]
at projectss.testcases.MetaTest.verifyExistOfMetaContent(MetaTest.java:122)
at java.util.ArrayList.forEach(ArrayList.java:1259)
at com.intellij.rt.testng.IDEARemoteTestNG.run(IDEARemoteTestNG.java:66)
at com.intellij.rt.testng.RemoteTestNGStarter.main(RemoteTestNGStarter.java:105)
... Removed 26 stack frames]]>
    </failure>
  </testcase> <!-- verifyExistOfMetaContent -->
  <testcase name="verifyExistOfMetaContent" time="6.001" classname="projectss.testcases.MetaTest"/>
  <testcase name="verifyExistOfMetaContent" time="3.529" classname="projectss.testcases.MetaTest">
    <failure type="java.lang.AssertionError" message="Fail URL: https://p6-qa.samsung.com/my/business/led-signage/the-wall/the-wall-all-in-one-lh012iabmhs-xs expected [true] but found [false]">
      <![CDATA[java.lang.AssertionError: Fail URL: https://p6-qa.samsung.com/my/business/led-signage/the-wall/the-wall-all-in-one-lh012iabmhs-xs expected [true] but found [false]
at projectss.testcases.MetaTest.verifyExistOfMetaContent(MetaTest.java:122)
at java.util.ArrayList.forEach(ArrayList.java:1259)
at com.intellij.rt.testng.IDEARemoteTestNG.run(IDEARemoteTestNG.java:66)
at com.intellij.rt.testng.RemoteTestNGStarter.main(RemoteTestNGStarter.java:105)
... Removed 26 stack frames]]>
    </failure>
  </testcase> <!-- verifyExistOfMetaContent -->
  <testcase name="verifyExistOfMetaContent" time="9.819" classname="projectss.testcases.MetaTest">
    <failure type="java.lang.AssertionError" message="Fail URL: https://p6-qa.samsung.com/my/business/led-signage/the-wall/the-wall-all-in-one-lh008iabmus-xs expected [true] but found [false]">
      <![CDATA[java.lang.AssertionError: Fail URL: https://p6-qa.samsung.com/my/business/led-signage/the-wall/the-wall-all-in-one-lh008iabmus-xs expected [true] but found [false]
at projectss.testcases.MetaTest.verifyExistOfMetaContent(MetaTest.java:122)
at java.util.ArrayList.forEach(ArrayList.java:1259)
at com.intellij.rt.testng.IDEARemoteTestNG.run(IDEARemoteTestNG.java:66)
at com.intellij.rt.testng.RemoteTestNGStarter.main(RemoteTestNGStarter.java:105)
... Removed 26 stack frames]]>
    </failure>
  </testcase> <!-- verifyExistOfMetaContent -->
  <testcase name="verifyExistOfMetaContent" time="3.121" classname="projectss.testcases.MetaTest">
    <failure type="java.lang.AssertionError" message="Fail URL: https://p6-qa.samsung.com/my/business/led-signage/the-wall/the-wall-all-in-one-lh016iabmhs-xs expected [true] but found [false]">
      <![CDATA[java.lang.AssertionError: Fail URL: https://p6-qa.samsung.com/my/business/led-signage/the-wall/the-wall-all-in-one-lh016iabmhs-xs expected [true] but found [false]
at projectss.testcases.MetaTest.verifyExistOfMetaContent(MetaTest.java:122)
at java.util.ArrayList.forEach(ArrayList.java:1259)
at com.intellij.rt.testng.IDEARemoteTestNG.run(IDEARemoteTestNG.java:66)
at com.intellij.rt.testng.RemoteTestNGStarter.main(RemoteTestNGStarter.java:105)
... Removed 26 stack frames]]>
    </failure>
  </testcase> <!-- verifyExistOfMetaContent -->
  <testcase name="verifyExistOfMetaContent" time="4.22" classname="projectss.testcases.MetaTest"/>
  <testcase name="verifyExistOfMetaContent" time="6.132" classname="projectss.testcases.MetaTest"/>
  <testcase name="verifyExistOfMetaContent" time="4.496" classname="projectss.testcases.MetaTest">
    <failure type="java.lang.AssertionError" message="Fail URL: https://p6-qa.samsung.com/my/business/smart-signage/outdoor-signage/omn-s-4000nit-24hr-ip5x-lh55omnesgbxxs expected [true] but found [false]">
      <![CDATA[java.lang.AssertionError: Fail URL: https://p6-qa.samsung.com/my/business/smart-signage/outdoor-signage/omn-s-4000nit-24hr-ip5x-lh55omnesgbxxs expected [true] but found [false]
at projectss.testcases.MetaTest.verifyExistOfMetaContent(MetaTest.java:122)
at java.util.ArrayList.forEach(ArrayList.java:1259)
at com.intellij.rt.testng.IDEARemoteTestNG.run(IDEARemoteTestNG.java:66)
at com.intellij.rt.testng.RemoteTestNGStarter.main(RemoteTestNGStarter.java:105)
... Removed 26 stack frames]]>
    </failure>
  </testcase> <!-- verifyExistOfMetaContent -->
  <testcase name="verifyExistOfMetaContent" time="3.951" classname="projectss.testcases.MetaTest"/>
  <testcase name="verifyExistOfMetaContent" time="5.828" classname="projectss.testcases.MetaTest"/>
  <testcase name="verifyExistOfMetaContent" time="7.266" classname="projectss.testcases.MetaTest">
    <failure type="java.lang.AssertionError" message="Fail URL: https://p6-qa.samsung.com/my/business/smart-signage/video-wall/vmb-u-fhd-1080p-500nit-ip5x-35mm-lh55vmbubgbxxs expected [true] but found [false]">
      <![CDATA[java.lang.AssertionError: Fail URL: https://p6-qa.samsung.com/my/business/smart-signage/video-wall/vmb-u-fhd-1080p-500nit-ip5x-35mm-lh55vmbubgbxxs expected [true] but found [false]
at projectss.testcases.MetaTest.verifyExistOfMetaContent(MetaTest.java:122)
at java.util.ArrayList.forEach(ArrayList.java:1259)
at com.intellij.rt.testng.IDEARemoteTestNG.run(IDEARemoteTestNG.java:66)
at com.intellij.rt.testng.RemoteTestNGStarter.main(RemoteTestNGStarter.java:105)
... Removed 26 stack frames]]>
    </failure>
  </testcase> <!-- verifyExistOfMetaContent -->
  <testcase name="verifyExistOfMetaContent" time="5.96" classname="projectss.testcases.MetaTest">
    <failure type="java.lang.AssertionError" message="Fail URL: https://p6-qa.samsung.com/my/business/smart-signage/others/qbr-b-fhd-1080p-250nit-ip5x-lh24qbrbbgcxxs expected [true] but found [false]">
      <![CDATA[java.lang.AssertionError: Fail URL: https://p6-qa.samsung.com/my/business/smart-signage/others/qbr-b-fhd-1080p-250nit-ip5x-lh24qbrbbgcxxs expected [true] but found [false]
at projectss.testcases.MetaTest.verifyExistOfMetaContent(MetaTest.java:122)
at java.util.ArrayList.forEach(ArrayList.java:1259)
at com.intellij.rt.testng.IDEARemoteTestNG.run(IDEARemoteTestNG.java:66)
at com.intellij.rt.testng.RemoteTestNGStarter.main(RemoteTestNGStarter.java:105)
... Removed 26 stack frames]]>
    </failure>
  </testcase> <!-- verifyExistOfMetaContent -->
  <testcase name="verifyExistOfMetaContent" time="6.795" classname="projectss.testcases.MetaTest">
    <failure type="java.lang.AssertionError" message="Fail URL: https://p6-qa.samsung.com/my/business/smart-signage/uhd-4k-signage/qbb-quantum-processor-4k-signage-lh55qbbebgcxxs expected [true] but found [false]">
      <![CDATA[java.lang.AssertionError: Fail URL: https://p6-qa.samsung.com/my/business/smart-signage/uhd-4k-signage/qbb-quantum-processor-4k-signage-lh55qbbebgcxxs expected [true] but found [false]
at projectss.testcases.MetaTest.verifyExistOfMetaContent(MetaTest.java:122)
at java.util.ArrayList.forEach(ArrayList.java:1259)
at com.intellij.rt.testng.IDEARemoteTestNG.run(IDEARemoteTestNG.java:66)
at com.intellij.rt.testng.RemoteTestNGStarter.main(RemoteTestNGStarter.java:105)
... Removed 26 stack frames]]>
    </failure>
  </testcase> <!-- verifyExistOfMetaContent -->
  <testcase name="verifyExistOfMetaContent" time="8.124" classname="projectss.testcases.MetaTest"/>
  <testcase name="verifyExistOfMetaContent" time="6.275" classname="projectss.testcases.MetaTest"/>
  <testcase name="verifyExistOfMetaContent" time="3.697" classname="projectss.testcases.MetaTest"/>
  <testcase name="verifyExistOfMetaContent" time="5.903" classname="projectss.testcases.MetaTest"/>
  <testcase name="verifyExistOfMetaContent" time="3.538" classname="projectss.testcases.MetaTest"/>
  <testcase name="verifyExistOfMetaContent" time="5.606" classname="projectss.testcases.MetaTest"/>
  <testcase name="verifyExistOfMetaContent" time="9.715" classname="projectss.testcases.MetaTest"/>
  <testcase name="verifyExistOfMetaContent" time="3.994" classname="projectss.testcases.MetaTest">
    <failure type="java.lang.AssertionError" message="Fail URL: https://p6-qa.samsung.com/my/business/smart-signage/video-wall/vmb-e-fhd-1080p-500nit-ip5x-174mm-lh55vmbebgbxxs expected [true] but found [false]">
      <![CDATA[java.lang.AssertionError: Fail URL: https://p6-qa.samsung.com/my/business/smart-signage/video-wall/vmb-e-fhd-1080p-500nit-ip5x-174mm-lh55vmbebgbxxs expected [true] but found [false]
at projectss.testcases.MetaTest.verifyExistOfMetaContent(MetaTest.java:122)
at java.util.ArrayList.forEach(ArrayList.java:1259)
at com.intellij.rt.testng.IDEARemoteTestNG.run(IDEARemoteTestNG.java:66)
at com.intellij.rt.testng.RemoteTestNGStarter.main(RemoteTestNGStarter.java:105)
... Removed 26 stack frames]]>
    </failure>
  </testcase> <!-- verifyExistOfMetaContent -->
  <testcase name="verifyExistOfMetaContent" time="5.87" classname="projectss.testcases.MetaTest">
    <failure type="java.lang.AssertionError" message="Fail URL: https://p6-qa.samsung.com/my/business/smart-signage/outdoor-signage/omn-ds-3000nit-24hr-ip5x-double-sided-lh55omndsgbxxs expected [true] but found [false]">
      <![CDATA[java.lang.AssertionError: Fail URL: https://p6-qa.samsung.com/my/business/smart-signage/outdoor-signage/omn-ds-3000nit-24hr-ip5x-double-sided-lh55omndsgbxxs expected [true] but found [false]
at projectss.testcases.MetaTest.verifyExistOfMetaContent(MetaTest.java:122)
at java.util.ArrayList.forEach(ArrayList.java:1259)
at com.intellij.rt.testng.IDEARemoteTestNG.run(IDEARemoteTestNG.java:66)
at com.intellij.rt.testng.RemoteTestNGStarter.main(RemoteTestNGStarter.java:105)
... Removed 26 stack frames]]>
    </failure>
  </testcase> <!-- verifyExistOfMetaContent -->
  <testcase name="verifyExistOfMetaContent" time="3.258" classname="projectss.testcases.MetaTest"/>
  <testcase name="verifyExistOfMetaContent" time="3.76" classname="projectss.testcases.MetaTest"/>
  <testcase name="verifyExistOfMetaContent" time="3.792" classname="projectss.testcases.MetaTest">
    <failure type="java.lang.AssertionError" message="Fail URL: https://p6-qa.samsung.com/my/business/smart-signage/interactive-display/qbr-t-fhd-1080p-capacitive-touch-14ms-lh24qbrtbgcxxs expected [true] but found [false]">
      <![CDATA[java.lang.AssertionError: Fail URL: https://p6-qa.samsung.com/my/business/smart-signage/interactive-display/qbr-t-fhd-1080p-capacitive-touch-14ms-lh24qbrtbgcxxs expected [true] but found [false]
at projectss.testcases.MetaTest.verifyExistOfMetaContent(MetaTest.java:122)
at java.util.ArrayList.forEach(ArrayList.java:1259)
at com.intellij.rt.testng.IDEARemoteTestNG.run(IDEARemoteTestNG.java:66)
at com.intellij.rt.testng.RemoteTestNGStarter.main(RemoteTestNGStarter.java:105)
... Removed 26 stack frames]]>
    </failure>
  </testcase> <!-- verifyExistOfMetaContent -->
  <testcase name="verifyExistOfMetaContent" time="3.75" classname="projectss.testcases.MetaTest"/>
  <testcase name="verifyExistOfMetaContent" time="3.356" classname="projectss.testcases.MetaTest">
    <failure type="java.lang.AssertionError" message="Fail URL: https://p6-qa.samsung.com/my/business/smart-signage/interactive-display/qb13r-tm-13-full-hd-interactive-display-fhd-1080p-capacitive-touch-14ms-lh13qbrtmgcxxs expected [true] but found [false]">
      <![CDATA[java.lang.AssertionError: Fail URL: https://p6-qa.samsung.com/my/business/smart-signage/interactive-display/qb13r-tm-13-full-hd-interactive-display-fhd-1080p-capacitive-touch-14ms-lh13qbrtmgcxxs expected [true] but found [false]
at projectss.testcases.MetaTest.verifyExistOfMetaContent(MetaTest.java:122)
at java.util.ArrayList.forEach(ArrayList.java:1259)
at com.intellij.rt.testng.IDEARemoteTestNG.run(IDEARemoteTestNG.java:66)
at com.intellij.rt.testng.RemoteTestNGStarter.main(RemoteTestNGStarter.java:105)
... Removed 26 stack frames]]>
    </failure>
  </testcase> <!-- verifyExistOfMetaContent -->
  <testcase name="verifyExistOfMetaContent" time="3.702" classname="projectss.testcases.MetaTest"/>
  <testcase name="verifyExistOfMetaContent" time="4.194" classname="projectss.testcases.MetaTest"/>
  <testcase name="verifyExistOfMetaContent" time="3.647" classname="projectss.testcases.MetaTest"/>
  <testcase name="verifyExistOfMetaContent" time="4.345" classname="projectss.testcases.MetaTest">
    <failure type="java.lang.AssertionError" message="Fail URL: https://p6-qa.samsung.com/my/business/smart-signage/uhd-4k-signage/qhb-quantum-processor-4k-signage-lh65qhbebgcxxs expected [true] but found [false]">
      <![CDATA[java.lang.AssertionError: Fail URL: https://p6-qa.samsung.com/my/business/smart-signage/uhd-4k-signage/qhb-quantum-processor-4k-signage-lh65qhbebgcxxs expected [true] but found [false]
at projectss.testcases.MetaTest.verifyExistOfMetaContent(MetaTest.java:122)
at java.util.ArrayList.forEach(ArrayList.java:1259)
at com.intellij.rt.testng.IDEARemoteTestNG.run(IDEARemoteTestNG.java:66)
at com.intellij.rt.testng.RemoteTestNGStarter.main(RemoteTestNGStarter.java:105)
... Removed 26 stack frames]]>
    </failure>
  </testcase> <!-- verifyExistOfMetaContent -->
  <testcase name="verifyExistOfMetaContent" time="3.503" classname="projectss.testcases.MetaTest">
    <failure type="java.lang.AssertionError" message="Fail URL: https://p6-qa.samsung.com/my/business/smart-signage/uhd-4k-signage/qhb-quantum-processor-4k-signage-lh55qhbebgcxxs expected [true] but found [false]">
      <![CDATA[java.lang.AssertionError: Fail URL: https://p6-qa.samsung.com/my/business/smart-signage/uhd-4k-signage/qhb-quantum-processor-4k-signage-lh55qhbebgcxxs expected [true] but found [false]
at projectss.testcases.MetaTest.verifyExistOfMetaContent(MetaTest.java:122)
at java.util.ArrayList.forEach(ArrayList.java:1259)
at com.intellij.rt.testng.IDEARemoteTestNG.run(IDEARemoteTestNG.java:66)
at com.intellij.rt.testng.RemoteTestNGStarter.main(RemoteTestNGStarter.java:105)
... Removed 26 stack frames]]>
    </failure>
  </testcase> <!-- verifyExistOfMetaContent -->
  <testcase name="verifyExistOfMetaContent" time="3.331" classname="projectss.testcases.MetaTest">
    <failure type="java.lang.AssertionError" message="Fail URL: https://p6-qa.samsung.com/my/business/smart-signage/uhd-4k-signage/qhb-quantum-processor-4k-signage-lh43qhbebgcxxs expected [true] but found [false]">
      <![CDATA[java.lang.AssertionError: Fail URL: https://p6-qa.samsung.com/my/business/smart-signage/uhd-4k-signage/qhb-quantum-processor-4k-signage-lh43qhbebgcxxs expected [true] but found [false]
at projectss.testcases.MetaTest.verifyExistOfMetaContent(MetaTest.java:122)
at java.util.ArrayList.forEach(ArrayList.java:1259)
at com.intellij.rt.testng.IDEARemoteTestNG.run(IDEARemoteTestNG.java:66)
at com.intellij.rt.testng.RemoteTestNGStarter.main(RemoteTestNGStarter.java:105)
... Removed 26 stack frames]]>
    </failure>
  </testcase> <!-- verifyExistOfMetaContent -->
  <testcase name="verifyExistOfMetaContent" time="4.665" classname="projectss.testcases.MetaTest">
    <failure type="java.lang.AssertionError" message="Fail URL: https://p6-qa.samsung.com/my/business/smart-signage/uhd-4k-signage/qhb-quantum-processor-4k-signage-lh75qhbebgcxxs expected [true] but found [false]">
      <![CDATA[java.lang.AssertionError: Fail URL: https://p6-qa.samsung.com/my/business/smart-signage/uhd-4k-signage/qhb-quantum-processor-4k-signage-lh75qhbebgcxxs expected [true] but found [false]
at projectss.testcases.MetaTest.verifyExistOfMetaContent(MetaTest.java:122)
at java.util.ArrayList.forEach(ArrayList.java:1259)
at com.intellij.rt.testng.IDEARemoteTestNG.run(IDEARemoteTestNG.java:66)
at com.intellij.rt.testng.RemoteTestNGStarter.main(RemoteTestNGStarter.java:105)
... Removed 26 stack frames]]>
    </failure>
  </testcase> <!-- verifyExistOfMetaContent -->
  <testcase name="verifyExistOfMetaContent" time="3.285" classname="projectss.testcases.MetaTest">
    <failure type="java.lang.AssertionError" message="Fail URL: https://p6-qa.samsung.com/my/business/smart-signage/uhd-4k-signage/qhb-quantum-processor-4k-signage-lh50qhbebgcxxs expected [true] but found [false]">
      <![CDATA[java.lang.AssertionError: Fail URL: https://p6-qa.samsung.com/my/business/smart-signage/uhd-4k-signage/qhb-quantum-processor-4k-signage-lh50qhbebgcxxs expected [true] but found [false]
at projectss.testcases.MetaTest.verifyExistOfMetaContent(MetaTest.java:122)
at java.util.ArrayList.forEach(ArrayList.java:1259)
at com.intellij.rt.testng.IDEARemoteTestNG.run(IDEARemoteTestNG.java:66)
at com.intellij.rt.testng.RemoteTestNGStarter.main(RemoteTestNGStarter.java:105)
... Removed 26 stack frames]]>
    </failure>
  </testcase> <!-- verifyExistOfMetaContent -->
  <testcase name="verifyExistOfMetaContent" time="5.075" classname="projectss.testcases.MetaTest">
    <failure type="java.lang.AssertionError" message="Fail URL: https://p6-qa.samsung.com/my/business/smart-signage/uhd-4k-signage/qmb-quantum-processor-4k-signage-lh55qmbebgcxxs expected [true] but found [false]">
      <![CDATA[java.lang.AssertionError: Fail URL: https://p6-qa.samsung.com/my/business/smart-signage/uhd-4k-signage/qmb-quantum-processor-4k-signage-lh55qmbebgcxxs expected [true] but found [false]
at projectss.testcases.MetaTest.verifyExistOfMetaContent(MetaTest.java:122)
at java.util.ArrayList.forEach(ArrayList.java:1259)
at com.intellij.rt.testng.IDEARemoteTestNG.run(IDEARemoteTestNG.java:66)
at com.intellij.rt.testng.RemoteTestNGStarter.main(RemoteTestNGStarter.java:105)
... Removed 26 stack frames]]>
    </failure>
  </testcase> <!-- verifyExistOfMetaContent -->
  <testcase name="verifyExistOfMetaContent" time="7.628" classname="projectss.testcases.MetaTest">
    <failure type="java.lang.AssertionError" message="Fail URL: https://p6-qa.samsung.com/my/business/smart-signage/uhd-4k-signage/qmb-quantum-processor-4k-signage-lh43qmbebgcxxs expected [true] but found [false]">
      <![CDATA[java.lang.AssertionError: Fail URL: https://p6-qa.samsung.com/my/business/smart-signage/uhd-4k-signage/qmb-quantum-processor-4k-signage-lh43qmbebgcxxs expected [true] but found [false]
at projectss.testcases.MetaTest.verifyExistOfMetaContent(MetaTest.java:122)
at java.util.ArrayList.forEach(ArrayList.java:1259)
at com.intellij.rt.testng.IDEARemoteTestNG.run(IDEARemoteTestNG.java:66)
at com.intellij.rt.testng.RemoteTestNGStarter.main(RemoteTestNGStarter.java:105)
... Removed 26 stack frames]]>
    </failure>
  </testcase> <!-- verifyExistOfMetaContent -->
  <testcase name="verifyExistOfMetaContent" time="3.443" classname="projectss.testcases.MetaTest">
    <failure type="java.lang.AssertionError" message="Fail URL: https://p6-qa.samsung.com/my/business/smart-signage/uhd-4k-signage/qmb-quantum-processor-4k-signage-lh65qmbebgcxxs expected [true] but found [false]">
      <![CDATA[java.lang.AssertionError: Fail URL: https://p6-qa.samsung.com/my/business/smart-signage/uhd-4k-signage/qmb-quantum-processor-4k-signage-lh65qmbebgcxxs expected [true] but found [false]
at projectss.testcases.MetaTest.verifyExistOfMetaContent(MetaTest.java:122)
at java.util.ArrayList.forEach(ArrayList.java:1259)
at com.intellij.rt.testng.IDEARemoteTestNG.run(IDEARemoteTestNG.java:66)
at com.intellij.rt.testng.RemoteTestNGStarter.main(RemoteTestNGStarter.java:105)
... Removed 26 stack frames]]>
    </failure>
  </testcase> <!-- verifyExistOfMetaContent -->
  <testcase name="verifyExistOfMetaContent" time="5.178" classname="projectss.testcases.MetaTest">
    <failure type="java.lang.AssertionError" message="Fail URL: https://p6-qa.samsung.com/my/business/smart-signage/uhd-4k-signage/qmb-quantum-processor-4k-signage-lh75qmbebgcxxs expected [true] but found [false]">
      <![CDATA[java.lang.AssertionError: Fail URL: https://p6-qa.samsung.com/my/business/smart-signage/uhd-4k-signage/qmb-quantum-processor-4k-signage-lh75qmbebgcxxs expected [true] but found [false]
at projectss.testcases.MetaTest.verifyExistOfMetaContent(MetaTest.java:122)
at java.util.ArrayList.forEach(ArrayList.java:1259)
at com.intellij.rt.testng.IDEARemoteTestNG.run(IDEARemoteTestNG.java:66)
at com.intellij.rt.testng.RemoteTestNGStarter.main(RemoteTestNGStarter.java:105)
... Removed 26 stack frames]]>
    </failure>
  </testcase> <!-- verifyExistOfMetaContent -->
  <testcase name="verifyExistOfMetaContent" time="3.962" classname="projectss.testcases.MetaTest">
    <failure type="java.lang.AssertionError" message="Fail URL: https://p6-qa.samsung.com/my/business/smart-signage/uhd-4k-signage/qmb-quantum-processor-4k-signage-lh50qmbebgcxxs expected [true] but found [false]">
      <![CDATA[java.lang.AssertionError: Fail URL: https://p6-qa.samsung.com/my/business/smart-signage/uhd-4k-signage/qmb-quantum-processor-4k-signage-lh50qmbebgcxxs expected [true] but found [false]
at projectss.testcases.MetaTest.verifyExistOfMetaContent(MetaTest.java:122)
at java.util.ArrayList.forEach(ArrayList.java:1259)
at com.intellij.rt.testng.IDEARemoteTestNG.run(IDEARemoteTestNG.java:66)
at com.intellij.rt.testng.RemoteTestNGStarter.main(RemoteTestNGStarter.java:105)
... Removed 26 stack frames]]>
    </failure>
  </testcase> <!-- verifyExistOfMetaContent -->
</testsuite> <!-- AutomationTest -->
