<?xml version="1.0" encoding="UTF-8"?>
<!-- Generated by org.testng.reporters.JUnitXMLReporter -->
<testsuite hostname="DESKTOP-RAH6IHC" ignored="0" name="AutomationTest" tests="45" failures="1" timestamp="2024-06-14T02:48:42 ICT" time="20.435" errors="0">
  <testcase name="verifyBrokenInputLinks" time="0.182" classname="projectss.testcases.CommonPageTest"/>
  <testcase name="verifyBrokenInputLinks" time="0.367" classname="projectss.testcases.CommonPageTest">
    <failure type="java.lang.AssertionError" message="expected [true] but found [false]">
      <![CDATA[java.lang.AssertionError: expected [true] but found [false]
at projectss.testcases.CommonPageTest.verifyBrokenInputLinks(CommonPageTest.java:30)
at java.util.ArrayList.forEach(ArrayList.java:1259)
at com.intellij.rt.testng.IDEARemoteTestNG.run(IDEARemoteTestNG.java:66)
at com.intellij.rt.testng.RemoteTestNGStarter.main(RemoteTestNGStarter.java:105)
... Removed 28 stack frames]]>
    </failure>
  </testcase> <!-- verifyBrokenInputLinks -->
  <testcase name="verifyBrokenInputLinks" time="0.098" classname="projectss.testcases.CommonPageTest"/>
  <testcase name="verifyBrokenInputLinks" time="0.061" classname="projectss.testcases.CommonPageTest"/>
  <testcase name="verifyBrokenInputLinks" time="0.1" classname="projectss.testcases.CommonPageTest"/>
  <testcase name="verifyBrokenInputLinks" time="0.085" classname="projectss.testcases.CommonPageTest"/>
  <testcase name="verifyBrokenInputLinks" time="0.081" classname="projectss.testcases.CommonPageTest"/>
  <testcase name="verifyBrokenInputLinks" time="0.083" classname="projectss.testcases.CommonPageTest"/>
  <testcase name="verifyBrokenInputLinks" time="0.096" classname="projectss.testcases.CommonPageTest"/>
  <testcase name="verifyBrokenInputLinks" time="0.138" classname="projectss.testcases.CommonPageTest"/>
  <testcase name="verifyBrokenInputLinks" time="0.079" classname="projectss.testcases.CommonPageTest"/>
  <testcase name="verifyBrokenInputLinks" time="0.092" classname="projectss.testcases.CommonPageTest"/>
  <testcase name="verifyBrokenInputLinks" time="0.105" classname="projectss.testcases.CommonPageTest"/>
  <testcase name="verifyBrokenInputLinks" time="0.107" classname="projectss.testcases.CommonPageTest"/>
  <testcase name="verifyBrokenInputLinks" time="0.089" classname="projectss.testcases.CommonPageTest"/>
  <testcase name="verifyBrokenInputLinks" time="0.104" classname="projectss.testcases.CommonPageTest"/>
  <testcase name="verifyBrokenInputLinks" time="0.089" classname="projectss.testcases.CommonPageTest"/>
  <testcase name="verifyBrokenInputLinks" time="0.097" classname="projectss.testcases.CommonPageTest"/>
  <testcase name="verifyBrokenInputLinks" time="0.089" classname="projectss.testcases.CommonPageTest"/>
  <testcase name="verifyBrokenInputLinks" time="0.086" classname="projectss.testcases.CommonPageTest"/>
  <testcase name="verifyBrokenInputLinks" time="0.086" classname="projectss.testcases.CommonPageTest"/>
  <testcase name="verifyBrokenInputLinks" time="0.129" classname="projectss.testcases.CommonPageTest"/>
  <testcase name="verifyBrokenInputLinks" time="0.91" classname="projectss.testcases.CommonPageTest"/>
  <testcase name="verifyBrokenInputLinks" time="0.391" classname="projectss.testcases.CommonPageTest"/>
  <testcase name="verifyBrokenInputLinks" time="0.962" classname="projectss.testcases.CommonPageTest"/>
  <testcase name="verifyBrokenInputLinks" time="0.388" classname="projectss.testcases.CommonPageTest"/>
  <testcase name="verifyBrokenInputLinks" time="0.98" classname="projectss.testcases.CommonPageTest"/>
  <testcase name="verifyBrokenInputLinks" time="0.375" classname="projectss.testcases.CommonPageTest"/>
  <testcase name="verifyBrokenInputLinks" time="0.927" classname="projectss.testcases.CommonPageTest"/>
  <testcase name="verifyBrokenInputLinks" time="0.883" classname="projectss.testcases.CommonPageTest"/>
  <testcase name="verifyBrokenInputLinks" time="0.44" classname="projectss.testcases.CommonPageTest"/>
  <testcase name="verifyBrokenInputLinks" time="0.915" classname="projectss.testcases.CommonPageTest"/>
  <testcase name="verifyBrokenInputLinks" time="0.912" classname="projectss.testcases.CommonPageTest"/>
  <testcase name="verifyBrokenInputLinks" time="0.375" classname="projectss.testcases.CommonPageTest"/>
  <testcase name="verifyBrokenInputLinks" time="0.438" classname="projectss.testcases.CommonPageTest"/>
  <testcase name="verifyBrokenInputLinks" time="0.292" classname="projectss.testcases.CommonPageTest"/>
  <testcase name="verifyBrokenInputLinks" time="0.81" classname="projectss.testcases.CommonPageTest"/>
  <testcase name="verifyBrokenInputLinks" time="0.831" classname="projectss.testcases.CommonPageTest"/>
  <testcase name="verifyBrokenInputLinks" time="0.279" classname="projectss.testcases.CommonPageTest"/>
  <testcase name="verifyBrokenInputLinks" time="0.857" classname="projectss.testcases.CommonPageTest"/>
  <testcase name="verifyBrokenInputLinks" time="0.792" classname="projectss.testcases.CommonPageTest"/>
  <testcase name="verifyBrokenInputLinks" time="0.283" classname="projectss.testcases.CommonPageTest"/>
  <testcase name="verifyBrokenInputLinks" time="0.277" classname="projectss.testcases.CommonPageTest"/>
  <testcase name="verifyBrokenInputLinks" time="0.293" classname="projectss.testcases.CommonPageTest"/>
  <testcase name="verifyBrokenInputLinks" time="0.236" classname="projectss.testcases.CommonPageTest"/>
</testsuite> <!-- AutomationTest -->
