<?xml version="1.0" encoding="UTF-8"?>
<testng-results skipped="0" failed="1" ignored="1" total="3" passed="1">
  <reporter-output>
  </reporter-output>
  <suite name="PageObjectTest Example" duration-ms="19592" started-at="2024-06-24T19:19:27 ICT" finished-at="2024-06-24T19:19:47 ICT">
    <groups>
    </groups>
    <test name="AutomationTest" duration-ms="19592" started-at="2024-06-24T19:19:27 ICT" finished-at="2024-06-24T19:19:47 ICT">
      <class name="projectss.testcases.ProductDetailTest">
        <test-method status="PASS" signature="initializeTestBaseSetup(java.lang.String)[pri:0, instance:projectss.testcases.ProductDetailTest@33c7e1bb]" name="initializeTestBaseSetup" is-config="true" duration-ms="6026" started-at="2024-06-24T19:19:27 ICT" finished-at="2024-06-24T19:19:34 ICT">
          <params>
            <param index="0">
              <value>
                <![CDATA[chrome]]>
              </value>
            </param>
          </params>
          <reporter-output>
          </reporter-output>
        </test-method> <!-- initializeTestBaseSetup -->
        <test-method status="PASS" signature="setUp()[pri:0, instance:projectss.testcases.ProductDetailTest@33c7e1bb]" name="setUp" is-config="true" duration-ms="0" started-at="2024-06-24T19:19:34 ICT" finished-at="2024-06-24T19:19:34 ICT">
          <reporter-output>
          </reporter-output>
        </test-method> <!-- setUp -->
        <test-method status="PASS" signature="testSetupWriteResultIntoSheets(org.testng.ITestContext)[pri:0, instance:projectss.testcases.ProductDetailTest@33c7e1bb]" name="testSetupWriteResultIntoSheets" is-config="true" duration-ms="2072" started-at="2024-06-24T19:19:34 ICT" depends-on-methods="projectss.testcases.ProductDetailTest.setUp" finished-at="2024-06-24T19:19:36 ICT">
          <params>
            <param index="0">
              <value>
                <![CDATA[org.testng.TestRunner@65327f5]]>
              </value>
            </param>
          </params>
          <reporter-output>
          </reporter-output>
        </test-method> <!-- testSetupWriteResultIntoSheets -->
        <test-method status="PASS" signature="signIn()[pri:1, instance:projectss.testcases.ProductDetailTest@33c7e1bb]" name="signIn" duration-ms="3440" started-at="2024-06-24T19:19:36 ICT" finished-at="2024-06-24T19:19:39 ICT">
          <reporter-output>
          </reporter-output>
        </test-method> <!-- signIn -->
        <test-method status="FAIL" signature="verifyTextByXpath()[pri:2, instance:projectss.testcases.ProductDetailTest@33c7e1bb]" name="verifyTextByXpath" duration-ms="4805" started-at="2024-06-24T19:19:39 ICT" finished-at="2024-06-24T19:19:44 ICT">
          <exception class="java.lang.AssertionError">
            <message>
              <![CDATA[TestCase_ID: 1 lỗi sai text cho Element, chi tiết:  expected [เก่าแลกใหม่ 5000z] but found [เก่าแลกใหม่ 5500]]]>
            </message>
            <full-stacktrace>
              <![CDATA[java.lang.AssertionError: TestCase_ID: 1 lỗi sai text cho Element, chi tiết:  expected [เก่าแลกใหม่ 5000z] but found [เก่าแลกใหม่ 5500]
at org.testng.Assert.fail(Assert.java:99)
at org.testng.Assert.failNotEquals(Assert.java:1037)
at org.testng.Assert.assertEqualsImpl(Assert.java:140)
at org.testng.Assert.assertEquals(Assert.java:122)
at projectss.testcases.ProductDetailTest.verifyTextByXpath(ProductDetailTest.java:144)
at sun.reflect.NativeMethodAccessorImpl.invoke0(Native Method)
at sun.reflect.NativeMethodAccessorImpl.invoke(NativeMethodAccessorImpl.java:62)
at sun.reflect.DelegatingMethodAccessorImpl.invoke(DelegatingMethodAccessorImpl.java:43)
at java.lang.reflect.Method.invoke(Method.java:498)
at org.testng.internal.MethodInvocationHelper.invokeMethod(MethodInvocationHelper.java:133)
at org.testng.internal.TestInvoker.invokeMethod(TestInvoker.java:598)
at org.testng.internal.TestInvoker.invokeTestMethod(TestInvoker.java:173)
at org.testng.internal.MethodRunner.runInSequence(MethodRunner.java:46)
at org.testng.internal.TestInvoker$MethodInvocationAgent.invoke(TestInvoker.java:824)
at org.testng.internal.TestInvoker.invokeTestMethods(TestInvoker.java:146)
at org.testng.internal.TestMethodWorker.invokeTestMethods(TestMethodWorker.java:146)
at org.testng.internal.TestMethodWorker.run(TestMethodWorker.java:128)
at java.util.ArrayList.forEach(ArrayList.java:1259)
at org.testng.TestRunner.privateRun(TestRunner.java:794)
at org.testng.TestRunner.run(TestRunner.java:596)
at org.testng.SuiteRunner.runTest(SuiteRunner.java:377)
at org.testng.SuiteRunner.runSequentially(SuiteRunner.java:371)
at org.testng.SuiteRunner.privateRun(SuiteRunner.java:332)
at org.testng.SuiteRunner.run(SuiteRunner.java:276)
at org.testng.SuiteRunnerWorker.runSuite(SuiteRunnerWorker.java:53)
at org.testng.SuiteRunnerWorker.run(SuiteRunnerWorker.java:96)
at org.testng.TestNG.runSuitesSequentially(TestNG.java:1212)
at org.testng.TestNG.runSuitesLocally(TestNG.java:1134)
at org.testng.TestNG.runSuites(TestNG.java:1063)
at org.testng.TestNG.run(TestNG.java:1031)
at com.intellij.rt.testng.IDEARemoteTestNG.run(IDEARemoteTestNG.java:66)
at com.intellij.rt.testng.RemoteTestNGStarter.main(RemoteTestNGStarter.java:105)
]]>
            </full-stacktrace>
          </exception> <!-- java.lang.AssertionError -->
          <reporter-output>
          </reporter-output>
        </test-method> <!-- verifyTextByXpath -->
        <test-method status="PASS" signature="tearDown()[pri:0, instance:projectss.testcases.ProductDetailTest@33c7e1bb]" name="tearDown" is-config="true" duration-ms="3191" started-at="2024-06-24T19:19:44 ICT" finished-at="2024-06-24T19:19:47 ICT">
          <reporter-output>
          </reporter-output>
        </test-method> <!-- tearDown -->
      </class> <!-- projectss.testcases.ProductDetailTest -->
    </test> <!-- AutomationTest -->
  </suite> <!-- PageObjectTest Example -->
</testng-results>
