<?xml version="1.0" encoding="UTF-8"?>
<testng-results skipped="0" failed="1" ignored="0" total="45" passed="44">
  <reporter-output>
  </reporter-output>
  <suite name="PageObjectTest Example" duration-ms="20435" started-at="2024-06-14T02:48:21 ICT" finished-at="2024-06-14T02:48:42 ICT">
    <groups>
    </groups>
    <test name="AutomationTest" duration-ms="20435" started-at="2024-06-14T02:48:21 ICT" finished-at="2024-06-14T02:48:42 ICT">
      <class name="projectss.testcases.CommonPageTest">
        <test-method status="PASS" signature="initializeTestBaseSetup(java.lang.String)[pri:0, instance:projectss.testcases.CommonPageTest@76f2b07d]" name="initializeTestBaseSetup" is-config="true" duration-ms="1527" started-at="2024-06-14T02:48:21 ICT" finished-at="2024-06-14T02:48:23 ICT">
          <params>
            <param index="0">
              <value>
                <![CDATA[chrome]]>
              </value>
            </param>
          </params>
          <reporter-output>
          </reporter-output>
        </test-method> <!-- initializeTestBaseSetup -->
        <test-method status="PASS" signature="setUp()[pri:0, instance:projectss.testcases.CommonPageTest@76f2b07d]" name="setUp" is-config="true" duration-ms="1" started-at="2024-06-14T02:48:23 ICT" finished-at="2024-06-14T02:48:23 ICT">
          <reporter-output>
          </reporter-output>
        </test-method> <!-- setUp -->
        <test-method status="PASS" signature="verifyBrokenInputLinks(java.lang.String)[pri:1, instance:projectss.testcases.CommonPageTest@76f2b07d]" name="verifyBrokenInputLinks" duration-ms="182" started-at="2024-06-14T02:48:23 ICT" data-provider="hrefLinks" finished-at="2024-06-14T02:48:23 ICT">
          <params>
            <param index="0">
              <value>
                <![CDATA[https://p6-qa.samsung.com/vn/business/mobile-accessories/25w-battery-pack-20000mah-cosmic-gray-eb-p5300xjegww]]>
              </value>
            </param>
          </params>
          <reporter-output>
          </reporter-output>
        </test-method> <!-- verifyBrokenInputLinks -->
        <test-method status="FAIL" signature="verifyBrokenInputLinks(java.lang.String)[pri:1, instance:projectss.testcases.CommonPageTest@76f2b07d]" name="verifyBrokenInputLinks" duration-ms="367" started-at="2024-06-14T02:48:23 ICT" data-provider="hrefLinks" finished-at="2024-06-14T02:48:23 ICT">
          <params>
            <param index="0">
              <value>
                <![CDATA[https://p6-qa.samsung.com/vn/businessz/mobile-accessories/super-fast-wireless-charger-duo-dark-gray-ep-p5400tbegww]]>
              </value>
            </param>
          </params>
          <exception class="java.lang.AssertionError">
            <message>
              <![CDATA[expected [true] but found [false]]]>
            </message>
            <full-stacktrace>
              <![CDATA[java.lang.AssertionError: expected [true] but found [false]
at org.testng.Assert.fail(Assert.java:99)
at org.testng.Assert.failNotEquals(Assert.java:1037)
at org.testng.Assert.assertTrue(Assert.java:45)
at org.testng.Assert.assertTrue(Assert.java:55)
at projectss.testcases.CommonPageTest.verifyBrokenInputLinks(CommonPageTest.java:30)
at sun.reflect.NativeMethodAccessorImpl.invoke0(Native Method)
at sun.reflect.NativeMethodAccessorImpl.invoke(NativeMethodAccessorImpl.java:62)
at sun.reflect.DelegatingMethodAccessorImpl.invoke(DelegatingMethodAccessorImpl.java:43)
at java.lang.reflect.Method.invoke(Method.java:498)
at org.testng.internal.MethodInvocationHelper.invokeMethod(MethodInvocationHelper.java:133)
at org.testng.internal.TestInvoker.invokeMethod(TestInvoker.java:598)
at org.testng.internal.TestInvoker.invokeTestMethod(TestInvoker.java:173)
at org.testng.internal.MethodRunner.runInSequence(MethodRunner.java:46)
at org.testng.internal.TestInvoker$MethodInvocationAgent.invoke(TestInvoker.java:824)
at org.testng.internal.TestInvoker.invokeTestMethods(TestInvoker.java:146)
at org.testng.internal.TestMethodWorker.invokeTestMethods(TestMethodWorker.java:146)
at org.testng.internal.TestMethodWorker.run(TestMethodWorker.java:128)
at java.util.ArrayList.forEach(ArrayList.java:1259)
at org.testng.TestRunner.privateRun(TestRunner.java:794)
at org.testng.TestRunner.run(TestRunner.java:596)
at org.testng.SuiteRunner.runTest(SuiteRunner.java:377)
at org.testng.SuiteRunner.runSequentially(SuiteRunner.java:371)
at org.testng.SuiteRunner.privateRun(SuiteRunner.java:332)
at org.testng.SuiteRunner.run(SuiteRunner.java:276)
at org.testng.SuiteRunnerWorker.runSuite(SuiteRunnerWorker.java:53)
at org.testng.SuiteRunnerWorker.run(SuiteRunnerWorker.java:96)
at org.testng.TestNG.runSuitesSequentially(TestNG.java:1212)
at org.testng.TestNG.runSuitesLocally(TestNG.java:1134)
at org.testng.TestNG.runSuites(TestNG.java:1063)
at org.testng.TestNG.run(TestNG.java:1031)
at com.intellij.rt.testng.IDEARemoteTestNG.run(IDEARemoteTestNG.java:66)
at com.intellij.rt.testng.RemoteTestNGStarter.main(RemoteTestNGStarter.java:105)
]]>
            </full-stacktrace>
          </exception> <!-- java.lang.AssertionError -->
          <reporter-output>
          </reporter-output>
        </test-method> <!-- verifyBrokenInputLinks -->
        <test-method status="PASS" signature="verifyBrokenInputLinks(java.lang.String)[pri:1, instance:projectss.testcases.CommonPageTest@76f2b07d]" name="verifyBrokenInputLinks" duration-ms="98" started-at="2024-06-14T02:48:23 ICT" data-provider="hrefLinks" finished-at="2024-06-14T02:48:23 ICT">
          <params>
            <param index="0">
              <value>
                <![CDATA[https://p6-qa.samsung.com/vn/business/mobile-accessories/super-fast-wireless-charger-duo-white-ep-p5400bwegww/]]>
              </value>
            </param>
          </params>
          <reporter-output>
          </reporter-output>
        </test-method> <!-- verifyBrokenInputLinks -->
        <test-method status="PASS" signature="verifyBrokenInputLinks(java.lang.String)[pri:1, instance:projectss.testcases.CommonPageTest@76f2b07d]" name="verifyBrokenInputLinks" duration-ms="61" started-at="2024-06-14T02:48:23 ICT" data-provider="hrefLinks" finished-at="2024-06-14T02:48:23 ICT">
          <params>
            <param index="0">
              <value>
                <![CDATA[https://p6-qa.samsung.com/vn/business/mobile-accessories/super-fast-wireless-charger-duo-darkgray-ep-p5400bbegww/]]>
              </value>
            </param>
          </params>
          <reporter-output>
          </reporter-output>
        </test-method> <!-- verifyBrokenInputLinks -->
        <test-method status="PASS" signature="verifyBrokenInputLinks(java.lang.String)[pri:1, instance:projectss.testcases.CommonPageTest@76f2b07d]" name="verifyBrokenInputLinks" duration-ms="100" started-at="2024-06-14T02:48:23 ICT" data-provider="hrefLinks" finished-at="2024-06-14T02:48:23 ICT">
          <params>
            <param index="0">
              <value>
                <![CDATA[https://p6-qa.samsung.com/vn/business/mobile-accessories/samsung-35mm-earphones-black-eo-ia500bbegww]]>
              </value>
            </param>
          </params>
          <reporter-output>
          </reporter-output>
        </test-method> <!-- verifyBrokenInputLinks -->
        <test-method status="PASS" signature="verifyBrokenInputLinks(java.lang.String)[pri:1, instance:projectss.testcases.CommonPageTest@76f2b07d]" name="verifyBrokenInputLinks" duration-ms="85" started-at="2024-06-14T02:48:23 ICT" data-provider="hrefLinks" finished-at="2024-06-14T02:48:24 ICT">
          <params>
            <param index="0">
              <value>
                <![CDATA[https://p6-qa.samsung.com/vn/business/mobile-accessories/15w-power-adapter-black-ep-t1510nbegww]]>
              </value>
            </param>
          </params>
          <reporter-output>
          </reporter-output>
        </test-method> <!-- verifyBrokenInputLinks -->
        <test-method status="PASS" signature="verifyBrokenInputLinks(java.lang.String)[pri:1, instance:projectss.testcases.CommonPageTest@76f2b07d]" name="verifyBrokenInputLinks" duration-ms="81" started-at="2024-06-14T02:48:24 ICT" data-provider="hrefLinks" finished-at="2024-06-14T02:48:24 ICT">
          <params>
            <param index="0">
              <value>
                <![CDATA[https://p6-qa.samsung.com/vn/business/mobile-accessories/15w-power-adapter-white-ep-t1510nwegww]]>
              </value>
            </param>
          </params>
          <reporter-output>
          </reporter-output>
        </test-method> <!-- verifyBrokenInputLinks -->
        <test-method status="PASS" signature="verifyBrokenInputLinks(java.lang.String)[pri:1, instance:projectss.testcases.CommonPageTest@76f2b07d]" name="verifyBrokenInputLinks" duration-ms="83" started-at="2024-06-14T02:48:24 ICT" data-provider="hrefLinks" finished-at="2024-06-14T02:48:24 ICT">
          <params>
            <param index="0">
              <value>
                <![CDATA[https://p6-qa.samsung.com/vn/business/mobile-accessories/15w-power-adapter-white-ep-t1510xwegww]]>
              </value>
            </param>
          </params>
          <reporter-output>
          </reporter-output>
        </test-method> <!-- verifyBrokenInputLinks -->
        <test-method status="PASS" signature="verifyBrokenInputLinks(java.lang.String)[pri:1, instance:projectss.testcases.CommonPageTest@76f2b07d]" name="verifyBrokenInputLinks" duration-ms="96" started-at="2024-06-14T02:48:24 ICT" data-provider="hrefLinks" finished-at="2024-06-14T02:48:24 ICT">
          <params>
            <param index="0">
              <value>
                <![CDATA[https://p6-qa.samsung.com/vn/business/mobile-accessories/15w-power-adapter-black-ep-t1510xbegww]]>
              </value>
            </param>
          </params>
          <reporter-output>
          </reporter-output>
        </test-method> <!-- verifyBrokenInputLinks -->
        <test-method status="PASS" signature="verifyBrokenInputLinks(java.lang.String)[pri:1, instance:projectss.testcases.CommonPageTest@76f2b07d]" name="verifyBrokenInputLinks" duration-ms="138" started-at="2024-06-14T02:48:24 ICT" data-provider="hrefLinks" finished-at="2024-06-14T02:48:24 ICT">
          <params>
            <param index="0">
              <value>
                <![CDATA[https://p6-qa.samsung.com/vn/business/mobile-accessories/10-000mah-battery-pack-beige-eb-p3400xuegww]]>
              </value>
            </param>
          </params>
          <reporter-output>
          </reporter-output>
        </test-method> <!-- verifyBrokenInputLinks -->
        <test-method status="PASS" signature="verifyBrokenInputLinks(java.lang.String)[pri:1, instance:projectss.testcases.CommonPageTest@76f2b07d]" name="verifyBrokenInputLinks" duration-ms="79" started-at="2024-06-14T02:48:24 ICT" data-provider="hrefLinks" finished-at="2024-06-14T02:48:24 ICT">
          <params>
            <param index="0">
              <value>
                <![CDATA[https://p6-qa.samsung.com/vn/business/mobile-accessories/galaxy-tab-a9-book-cover-black-ef-bx210tbegww]]>
              </value>
            </param>
          </params>
          <reporter-output>
          </reporter-output>
        </test-method> <!-- verifyBrokenInputLinks -->
        <test-method status="PASS" signature="verifyBrokenInputLinks(java.lang.String)[pri:1, instance:projectss.testcases.CommonPageTest@76f2b07d]" name="verifyBrokenInputLinks" duration-ms="92" started-at="2024-06-14T02:48:24 ICT" data-provider="hrefLinks" finished-at="2024-06-14T02:48:24 ICT">
          <params>
            <param index="0">
              <value>
                <![CDATA[https://p6-qa.samsung.com/vn/business/mobile-accessories/galaxy-tab-a9-book-cover-white-ef-bx210twegww]]>
              </value>
            </param>
          </params>
          <reporter-output>
          </reporter-output>
        </test-method> <!-- verifyBrokenInputLinks -->
        <test-method status="PASS" signature="verifyBrokenInputLinks(java.lang.String)[pri:1, instance:projectss.testcases.CommonPageTest@76f2b07d]" name="verifyBrokenInputLinks" duration-ms="105" started-at="2024-06-14T02:48:24 ICT" data-provider="hrefLinks" finished-at="2024-06-14T02:48:24 ICT">
          <params>
            <param index="0">
              <value>
                <![CDATA[https://p6-qa.samsung.com/vn/business/mobile-accessories/galaxy-tab-a9-book-cover-blue-ef-bx210tlegww]]>
              </value>
            </param>
          </params>
          <reporter-output>
          </reporter-output>
        </test-method> <!-- verifyBrokenInputLinks -->
        <test-method status="PASS" signature="verifyBrokenInputLinks(java.lang.String)[pri:1, instance:projectss.testcases.CommonPageTest@76f2b07d]" name="verifyBrokenInputLinks" duration-ms="107" started-at="2024-06-14T02:48:24 ICT" data-provider="hrefLinks" finished-at="2024-06-14T02:48:24 ICT">
          <params>
            <param index="0">
              <value>
                <![CDATA[https://p6-qa.samsung.com/vn/business/mobile-accessories/galaxy-tab-a9-book-cover-black-ef-bx110tbegww]]>
              </value>
            </param>
          </params>
          <reporter-output>
          </reporter-output>
        </test-method> <!-- verifyBrokenInputLinks -->
        <test-method status="PASS" signature="verifyBrokenInputLinks(java.lang.String)[pri:1, instance:projectss.testcases.CommonPageTest@76f2b07d]" name="verifyBrokenInputLinks" duration-ms="89" started-at="2024-06-14T02:48:24 ICT" data-provider="hrefLinks" finished-at="2024-06-14T02:48:24 ICT">
          <params>
            <param index="0">
              <value>
                <![CDATA[https://p6-qa.samsung.com/vn/business/mobile-accessories/galaxy-tab-a9-book-cover-white-ef-bx110twegww]]>
              </value>
            </param>
          </params>
          <reporter-output>
          </reporter-output>
        </test-method> <!-- verifyBrokenInputLinks -->
        <test-method status="PASS" signature="verifyBrokenInputLinks(java.lang.String)[pri:1, instance:projectss.testcases.CommonPageTest@76f2b07d]" name="verifyBrokenInputLinks" duration-ms="104" started-at="2024-06-14T02:48:24 ICT" data-provider="hrefLinks" finished-at="2024-06-14T02:48:25 ICT">
          <params>
            <param index="0">
              <value>
                <![CDATA[https://p6-qa.samsung.com/vn/business/mobile-accessories/galaxy-tab-a9-book-cover-blue-ef-bx110tlegww]]>
              </value>
            </param>
          </params>
          <reporter-output>
          </reporter-output>
        </test-method> <!-- verifyBrokenInputLinks -->
        <test-method status="PASS" signature="verifyBrokenInputLinks(java.lang.String)[pri:1, instance:projectss.testcases.CommonPageTest@76f2b07d]" name="verifyBrokenInputLinks" duration-ms="89" started-at="2024-06-14T02:48:25 ICT" data-provider="hrefLinks" finished-at="2024-06-14T02:48:25 ICT">
          <params>
            <param index="0">
              <value>
                <![CDATA[https://p6-qa.samsung.com/vn/business/mobile-accessories/25w-power-adapter-black-ep-t2510xbegww]]>
              </value>
            </param>
          </params>
          <reporter-output>
          </reporter-output>
        </test-method> <!-- verifyBrokenInputLinks -->
        <test-method status="PASS" signature="verifyBrokenInputLinks(java.lang.String)[pri:1, instance:projectss.testcases.CommonPageTest@76f2b07d]" name="verifyBrokenInputLinks" duration-ms="97" started-at="2024-06-14T02:48:25 ICT" data-provider="hrefLinks" finished-at="2024-06-14T02:48:25 ICT">
          <params>
            <param index="0">
              <value>
                <![CDATA[https://p6-qa.samsung.com/vn/business/mobile-accessories/25w-power-adapter-white-ep-t2510xwegww]]>
              </value>
            </param>
          </params>
          <reporter-output>
          </reporter-output>
        </test-method> <!-- verifyBrokenInputLinks -->
        <test-method status="PASS" signature="verifyBrokenInputLinks(java.lang.String)[pri:1, instance:projectss.testcases.CommonPageTest@76f2b07d]" name="verifyBrokenInputLinks" duration-ms="89" started-at="2024-06-14T02:48:25 ICT" data-provider="hrefLinks" finished-at="2024-06-14T02:48:25 ICT">
          <params>
            <param index="0">
              <value>
                <![CDATA[https://p6-qa.samsung.com/vn/business/mobile-accessories/25w-power-adapter-black-ep-t2510nbegww]]>
              </value>
            </param>
          </params>
          <reporter-output>
          </reporter-output>
        </test-method> <!-- verifyBrokenInputLinks -->
        <test-method status="PASS" signature="verifyBrokenInputLinks(java.lang.String)[pri:1, instance:projectss.testcases.CommonPageTest@76f2b07d]" name="verifyBrokenInputLinks" duration-ms="86" started-at="2024-06-14T02:48:25 ICT" data-provider="hrefLinks" finished-at="2024-06-14T02:48:25 ICT">
          <params>
            <param index="0">
              <value>
                <![CDATA[https://p6-qa.samsung.com/vn/business/mobile-accessories/25w-power-adapter-white-ep-t2510nwegww]]>
              </value>
            </param>
          </params>
          <reporter-output>
          </reporter-output>
        </test-method> <!-- verifyBrokenInputLinks -->
        <test-method status="PASS" signature="verifyBrokenInputLinks(java.lang.String)[pri:1, instance:projectss.testcases.CommonPageTest@76f2b07d]" name="verifyBrokenInputLinks" duration-ms="86" started-at="2024-06-14T02:48:25 ICT" data-provider="hrefLinks" finished-at="2024-06-14T02:48:25 ICT">
          <params>
            <param index="0">
              <value>
                <![CDATA[https://p6-qa.samsung.com/vn/business/mobile-accessories/45w-power-adapter-black-ep-t4511xbegww]]>
              </value>
            </param>
          </params>
          <reporter-output>
          </reporter-output>
        </test-method> <!-- verifyBrokenInputLinks -->
        <test-method status="PASS" signature="verifyBrokenInputLinks(java.lang.String)[pri:1, instance:projectss.testcases.CommonPageTest@76f2b07d]" name="verifyBrokenInputLinks" duration-ms="129" started-at="2024-06-14T02:48:25 ICT" data-provider="hrefLinks" finished-at="2024-06-14T02:48:25 ICT">
          <params>
            <param index="0">
              <value>
                <![CDATA[https://p6-qa.samsung.com/vn/business/mobile-accessories/galaxy-fit3-sport-band-dark-green-et-sfr39mgegww]]>
              </value>
            </param>
          </params>
          <reporter-output>
          </reporter-output>
        </test-method> <!-- verifyBrokenInputLinks -->
        <test-method status="PASS" signature="verifyBrokenInputLinks(java.lang.String)[pri:1, instance:projectss.testcases.CommonPageTest@76f2b07d]" name="verifyBrokenInputLinks" duration-ms="910" started-at="2024-06-14T02:48:25 ICT" data-provider="hrefLinks" finished-at="2024-06-14T02:48:26 ICT">
          <params>
            <param index="0">
              <value>
                <![CDATA[https://p6-qa.samsung.com/vn/business/mobile-accessories/galaxy-fit3-sport-band-orange-et-sfr39moegww]]>
              </value>
            </param>
          </params>
          <reporter-output>
          </reporter-output>
        </test-method> <!-- verifyBrokenInputLinks -->
        <test-method status="PASS" signature="verifyBrokenInputLinks(java.lang.String)[pri:1, instance:projectss.testcases.CommonPageTest@76f2b07d]" name="verifyBrokenInputLinks" duration-ms="391" started-at="2024-06-14T02:48:26 ICT" data-provider="hrefLinks" finished-at="2024-06-14T02:48:26 ICT">
          <params>
            <param index="0">
              <value>
                <![CDATA[https://p6-qa.samsung.com/vn/business/mobile-accessories/galaxy-a55-5g-standing-grip-case-black-ef-ga556tbegww]]>
              </value>
            </param>
          </params>
          <reporter-output>
          </reporter-output>
        </test-method> <!-- verifyBrokenInputLinks -->
        <test-method status="PASS" signature="verifyBrokenInputLinks(java.lang.String)[pri:1, instance:projectss.testcases.CommonPageTest@76f2b07d]" name="verifyBrokenInputLinks" duration-ms="962" started-at="2024-06-14T02:48:26 ICT" data-provider="hrefLinks" finished-at="2024-06-14T02:48:27 ICT">
          <params>
            <param index="0">
              <value>
                <![CDATA[https://p6-qa.samsung.com/vn/business/mobile-accessories/galaxy-a55-5g-standing-grip-case-gray-ef-ga556tjegww]]>
              </value>
            </param>
          </params>
          <reporter-output>
          </reporter-output>
        </test-method> <!-- verifyBrokenInputLinks -->
        <test-method status="PASS" signature="verifyBrokenInputLinks(java.lang.String)[pri:1, instance:projectss.testcases.CommonPageTest@76f2b07d]" name="verifyBrokenInputLinks" duration-ms="388" started-at="2024-06-14T02:48:27 ICT" data-provider="hrefLinks" finished-at="2024-06-14T02:48:28 ICT">
          <params>
            <param index="0">
              <value>
                <![CDATA[https://p6-qa.samsung.com/vn/business/mobile-accessories/galaxy-a35-5g-card-slot-case-black-ef-oa356tbegww]]>
              </value>
            </param>
          </params>
          <reporter-output>
          </reporter-output>
        </test-method> <!-- verifyBrokenInputLinks -->
        <test-method status="PASS" signature="verifyBrokenInputLinks(java.lang.String)[pri:1, instance:projectss.testcases.CommonPageTest@76f2b07d]" name="verifyBrokenInputLinks" duration-ms="980" started-at="2024-06-14T02:48:28 ICT" data-provider="hrefLinks" finished-at="2024-06-14T02:48:29 ICT">
          <params>
            <param index="0">
              <value>
                <![CDATA[https://p6-qa.samsung.com/vn/business/mobile-accessories/galaxy-a35-5g-card-slot-case-lime-ef-oa356tmegww]]>
              </value>
            </param>
          </params>
          <reporter-output>
          </reporter-output>
        </test-method> <!-- verifyBrokenInputLinks -->
        <test-method status="PASS" signature="verifyBrokenInputLinks(java.lang.String)[pri:1, instance:projectss.testcases.CommonPageTest@76f2b07d]" name="verifyBrokenInputLinks" duration-ms="375" started-at="2024-06-14T02:48:29 ICT" data-provider="hrefLinks" finished-at="2024-06-14T02:48:29 ICT">
          <params>
            <param index="0">
              <value>
                <![CDATA[https://p6-qa.samsung.com/vn/business/mobile-accessories/galaxy-a35-5g-silicone-case-black-ef-pa356tbegww]]>
              </value>
            </param>
          </params>
          <reporter-output>
          </reporter-output>
        </test-method> <!-- verifyBrokenInputLinks -->
        <test-method status="PASS" signature="verifyBrokenInputLinks(java.lang.String)[pri:1, instance:projectss.testcases.CommonPageTest@76f2b07d]" name="verifyBrokenInputLinks" duration-ms="927" started-at="2024-06-14T02:48:29 ICT" data-provider="hrefLinks" finished-at="2024-06-14T02:48:30 ICT">
          <params>
            <param index="0">
              <value>
                <![CDATA[https://p6-qa.samsung.com/vn/business/mobile-accessories/galaxy-a35-5g-silicone-case-light-blue-ef-pa356tlegww]]>
              </value>
            </param>
          </params>
          <reporter-output>
          </reporter-output>
        </test-method> <!-- verifyBrokenInputLinks -->
        <test-method status="PASS" signature="verifyBrokenInputLinks(java.lang.String)[pri:1, instance:projectss.testcases.CommonPageTest@76f2b07d]" name="verifyBrokenInputLinks" duration-ms="883" started-at="2024-06-14T02:48:30 ICT" data-provider="hrefLinks" finished-at="2024-06-14T02:48:31 ICT">
          <params>
            <param index="0">
              <value>
                <![CDATA[https://p6-qa.samsung.com/vn/business/mobile-accessories/galaxy-a35-5g-silicone-case-lime-ef-pa356tmegww]]>
              </value>
            </param>
          </params>
          <reporter-output>
          </reporter-output>
        </test-method> <!-- verifyBrokenInputLinks -->
        <test-method status="PASS" signature="verifyBrokenInputLinks(java.lang.String)[pri:1, instance:projectss.testcases.CommonPageTest@76f2b07d]" name="verifyBrokenInputLinks" duration-ms="440" started-at="2024-06-14T02:48:31 ICT" data-provider="hrefLinks" finished-at="2024-06-14T02:48:31 ICT">
          <params>
            <param index="0">
              <value>
                <![CDATA[https://p6-qa.samsung.com/vn/business/mobile-accessories/galaxy-a55-5g-silicone-case-black-ef-pa556tbegww]]>
              </value>
            </param>
          </params>
          <reporter-output>
          </reporter-output>
        </test-method> <!-- verifyBrokenInputLinks -->
        <test-method status="PASS" signature="verifyBrokenInputLinks(java.lang.String)[pri:1, instance:projectss.testcases.CommonPageTest@76f2b07d]" name="verifyBrokenInputLinks" duration-ms="915" started-at="2024-06-14T02:48:31 ICT" data-provider="hrefLinks" finished-at="2024-06-14T02:48:32 ICT">
          <params>
            <param index="0">
              <value>
                <![CDATA[https://p6-qa.samsung.com/vn/business/mobile-accessories/galaxy-a55-5g-silicone-case-light-blue-ef-pa556tlegww]]>
              </value>
            </param>
          </params>
          <reporter-output>
          </reporter-output>
        </test-method> <!-- verifyBrokenInputLinks -->
        <test-method status="PASS" signature="verifyBrokenInputLinks(java.lang.String)[pri:1, instance:projectss.testcases.CommonPageTest@76f2b07d]" name="verifyBrokenInputLinks" duration-ms="912" started-at="2024-06-14T02:48:32 ICT" data-provider="hrefLinks" finished-at="2024-06-14T02:48:33 ICT">
          <params>
            <param index="0">
              <value>
                <![CDATA[https://p6-qa.samsung.com/vn/business/mobile-accessories/galaxy-a55-5g-silicone-case-lime-ef-pa556tmegww]]>
              </value>
            </param>
          </params>
          <reporter-output>
          </reporter-output>
        </test-method> <!-- verifyBrokenInputLinks -->
        <test-method status="PASS" signature="verifyBrokenInputLinks(java.lang.String)[pri:1, instance:projectss.testcases.CommonPageTest@76f2b07d]" name="verifyBrokenInputLinks" duration-ms="375" started-at="2024-06-14T02:48:33 ICT" data-provider="hrefLinks" finished-at="2024-06-14T02:48:34 ICT">
          <params>
            <param index="0">
              <value>
                <![CDATA[https://p6-qa.samsung.com/vn/business/mobile-accessories/galaxy-a35-5g-clear-case-transparent-ef-qa356ctegww]]>
              </value>
            </param>
          </params>
          <reporter-output>
          </reporter-output>
        </test-method> <!-- verifyBrokenInputLinks -->
        <test-method status="PASS" signature="verifyBrokenInputLinks(java.lang.String)[pri:1, instance:projectss.testcases.CommonPageTest@76f2b07d]" name="verifyBrokenInputLinks" duration-ms="438" started-at="2024-06-14T02:48:34 ICT" data-provider="hrefLinks" finished-at="2024-06-14T02:48:34 ICT">
          <params>
            <param index="0">
              <value>
                <![CDATA[https://p6-qa.samsung.com/vn/business/mobile-accessories/galaxy-a55-5g-clear-case-transparent-ef-qa556ctegww]]>
              </value>
            </param>
          </params>
          <reporter-output>
          </reporter-output>
        </test-method> <!-- verifyBrokenInputLinks -->
        <test-method status="PASS" signature="verifyBrokenInputLinks(java.lang.String)[pri:1, instance:projectss.testcases.CommonPageTest@76f2b07d]" name="verifyBrokenInputLinks" duration-ms="292" started-at="2024-06-14T02:48:34 ICT" data-provider="hrefLinks" finished-at="2024-06-14T02:48:34 ICT">
          <params>
            <param index="0">
              <value>
                <![CDATA[https://p6-qa.samsung.com/vn/business/mobile-accessories/galaxy-a35-5g-smart-view-wallet-case-black-ef-za356cbegww]]>
              </value>
            </param>
          </params>
          <reporter-output>
          </reporter-output>
        </test-method> <!-- verifyBrokenInputLinks -->
        <test-method status="PASS" signature="verifyBrokenInputLinks(java.lang.String)[pri:1, instance:projectss.testcases.CommonPageTest@76f2b07d]" name="verifyBrokenInputLinks" duration-ms="810" started-at="2024-06-14T02:48:34 ICT" data-provider="hrefLinks" finished-at="2024-06-14T02:48:35 ICT">
          <params>
            <param index="0">
              <value>
                <![CDATA[https://p6-qa.samsung.com/vn/business/mobile-accessories/galaxy-a35-5g-smart-view-wallet-case-lavender-ef-za356cvegww]]>
              </value>
            </param>
          </params>
          <reporter-output>
          </reporter-output>
        </test-method> <!-- verifyBrokenInputLinks -->
        <test-method status="PASS" signature="verifyBrokenInputLinks(java.lang.String)[pri:1, instance:projectss.testcases.CommonPageTest@76f2b07d]" name="verifyBrokenInputLinks" duration-ms="831" started-at="2024-06-14T02:48:35 ICT" data-provider="hrefLinks" finished-at="2024-06-14T02:48:36 ICT">
          <params>
            <param index="0">
              <value>
                <![CDATA[https://p6-qa.samsung.com/vn/business/mobile-accessories/galaxy-a35-5g-smart-view-wallet-case-white-ef-za356cwegww]]>
              </value>
            </param>
          </params>
          <reporter-output>
          </reporter-output>
        </test-method> <!-- verifyBrokenInputLinks -->
        <test-method status="PASS" signature="verifyBrokenInputLinks(java.lang.String)[pri:1, instance:projectss.testcases.CommonPageTest@76f2b07d]" name="verifyBrokenInputLinks" duration-ms="279" started-at="2024-06-14T02:48:36 ICT" data-provider="hrefLinks" finished-at="2024-06-14T02:48:36 ICT">
          <params>
            <param index="0">
              <value>
                <![CDATA[https://p6-qa.samsung.com/vn/business/mobile-accessories/galaxy-a55-5g-smart-view-wallet-case-black-ef-za556cbegww]]>
              </value>
            </param>
          </params>
          <reporter-output>
          </reporter-output>
        </test-method> <!-- verifyBrokenInputLinks -->
        <test-method status="PASS" signature="verifyBrokenInputLinks(java.lang.String)[pri:1, instance:projectss.testcases.CommonPageTest@76f2b07d]" name="verifyBrokenInputLinks" duration-ms="857" started-at="2024-06-14T02:48:36 ICT" data-provider="hrefLinks" finished-at="2024-06-14T02:48:37 ICT">
          <params>
            <param index="0">
              <value>
                <![CDATA[https://p6-qa.samsung.com/vn/business/mobile-accessories/galaxy-a55-5g-smart-view-wallet-case-lavender-ef-za556cvegww]]>
              </value>
            </param>
          </params>
          <reporter-output>
          </reporter-output>
        </test-method> <!-- verifyBrokenInputLinks -->
        <test-method status="PASS" signature="verifyBrokenInputLinks(java.lang.String)[pri:1, instance:projectss.testcases.CommonPageTest@76f2b07d]" name="verifyBrokenInputLinks" duration-ms="792" started-at="2024-06-14T02:48:37 ICT" data-provider="hrefLinks" finished-at="2024-06-14T02:48:38 ICT">
          <params>
            <param index="0">
              <value>
                <![CDATA[https://p6-qa.samsung.com/vn/business/mobile-accessories/galaxy-a55-5g-smart-view-wallet-case-white-ef-za556cwegww]]>
              </value>
            </param>
          </params>
          <reporter-output>
          </reporter-output>
        </test-method> <!-- verifyBrokenInputLinks -->
        <test-method status="PASS" signature="verifyBrokenInputLinks(java.lang.String)[pri:1, instance:projectss.testcases.CommonPageTest@76f2b07d]" name="verifyBrokenInputLinks" duration-ms="283" started-at="2024-06-14T02:48:38 ICT" data-provider="hrefLinks" finished-at="2024-06-14T02:48:38 ICT">
          <params>
            <param index="0">
              <value>
                <![CDATA[https://p6-qa.samsung.com/vn/business/mobile-accessories/wolke-clear-case-for-galaxy-a35-transparent-gp-fpa356vaatw]]>
              </value>
            </param>
          </params>
          <reporter-output>
          </reporter-output>
        </test-method> <!-- verifyBrokenInputLinks -->
        <test-method status="PASS" signature="verifyBrokenInputLinks(java.lang.String)[pri:1, instance:projectss.testcases.CommonPageTest@76f2b07d]" name="verifyBrokenInputLinks" duration-ms="277" started-at="2024-06-14T02:48:38 ICT" data-provider="hrefLinks" finished-at="2024-06-14T02:48:38 ICT">
          <params>
            <param index="0">
              <value>
                <![CDATA[https://p6-qa.samsung.com/vn/business/mobile-accessories/wolke-clear-case-for-galaxy-a55-transparent-gp-fpa556vaatw]]>
              </value>
            </param>
          </params>
          <reporter-output>
          </reporter-output>
        </test-method> <!-- verifyBrokenInputLinks -->
        <test-method status="PASS" signature="verifyBrokenInputLinks(java.lang.String)[pri:1, instance:projectss.testcases.CommonPageTest@76f2b07d]" name="verifyBrokenInputLinks" duration-ms="293" started-at="2024-06-14T02:48:38 ICT" data-provider="hrefLinks" finished-at="2024-06-14T02:48:39 ICT">
          <params>
            <param index="0">
              <value>
                <![CDATA[https://p6-qa.samsung.com/vn/business/mobile-accessories/battery-pack-20-000mah-beige-eb-p4520xuegww]]>
              </value>
            </param>
          </params>
          <reporter-output>
          </reporter-output>
        </test-method> <!-- verifyBrokenInputLinks -->
        <test-method status="PASS" signature="verifyBrokenInputLinks(java.lang.String)[pri:1, instance:projectss.testcases.CommonPageTest@76f2b07d]" name="verifyBrokenInputLinks" duration-ms="236" started-at="2024-06-14T02:48:39 ICT" data-provider="hrefLinks" finished-at="2024-06-14T02:48:39 ICT">
          <params>
            <param index="0">
              <value>
                <![CDATA[https://p6-qa.samsung.com/vn/business/mobile-accessories/wireless-battery-pack-10-000mah-beige-eb-u2510xuegww]]>
              </value>
            </param>
          </params>
          <reporter-output>
          </reporter-output>
        </test-method> <!-- verifyBrokenInputLinks -->
        <test-method status="PASS" signature="tearDown()[pri:0, instance:projectss.testcases.CommonPageTest@76f2b07d]" name="tearDown" is-config="true" duration-ms="2591" started-at="2024-06-14T02:48:39 ICT" finished-at="2024-06-14T02:48:42 ICT">
          <reporter-output>
          </reporter-output>
        </test-method> <!-- tearDown -->
      </class> <!-- projectss.testcases.CommonPageTest -->
    </test> <!-- AutomationTest -->
  </suite> <!-- PageObjectTest Example -->
</testng-results>
